<?xml version="1.0" encoding="UTF-8"?>
<Site BuildName="Darwin-clang++"
	BuildStamp="20190516-0523-Experimental"
	Name="czdeMBP.local"
	Generator="ctest-3.14.1"
	CompilerName="/usr/bin/clang++"
	CompilerVersion="10.0.1.10010046"
	OSName="Mac OS X"
	Hostname="czdeMBP.local"
	OSRelease="10.14.4"
	OSVersion="18E226"
	OSPlatform="x86_64"
	Is64Bits="1"
	VendorString="GenuineIntel"
	VendorID="Intel Corporation"
	FamilyID="6"
	ModelID="142"
	ProcessorCacheSize="32768"
	NumberOfLogicalCPU="4"
	NumberOfPhysicalCPU="2"
	TotalVirtualMemory="0"
	TotalPhysicalMemory="16384"
	LogicalProcessorsPerPhysical="8"
	ProcessorClockFrequency="2300"
	>
	<Testing>
		<StartDateTime>May 16 13:23 CST</StartDateTime>
		<StartTestTime>1557984190</StartTestTime>
		<TestList/>
		<EndDateTime>May 16 13:23 CST</EndDateTime>
		<EndTestTime>1557984190</EndTestTime>
		<ElapsedMinutes>0</ElapsedMinutes>
	</Testing>
</Site>
